[2021-06-22 19:33:20] local.ERROR: SQLSTATE[23000]: Integrity constraint violation: 1062 Duplicate entry 'Admin' for key 'roles_name_unique' (SQL: insert into `roles` (`name`, `updated_at`, `created_at`) values (Admin, 2021-06-22 19:33:20, 2021-06-22 19:33:20)) {"exception":"[object] (Illuminate\\Database\\QueryException(code: 23000): SQLSTATE[23000]: Integrity constraint violation: 1062 Duplicate entry 'Admin' for key 'roles_name_unique' (SQL: insert into `roles` (`name`, `updated_at`, `created_at`) values (Admin, 2021-06-22 19:33:20, 2021-06-22 19:33:20)) at /opt/lampp/htdocs/web-alumni-rpl-master/vendor/laravel/framework/src/Illuminate/Database/Connection.php:664, PDOException(code: 23000): SQLSTATE[23000]: Integrity constraint violation: 1062 Duplicate entry 'Admin' for key 'roles_name_unique' at /opt/lampp/htdocs/web-alumni-rpl-master/vendor/laravel/framework/src/Illuminate/Database/Connection.php:458)
[stacktrace]
#0 /opt/lampp/htdocs/web-alumni-rpl-master/vendor/laravel/framework/src/Illuminate/Database/Connection.php(624): Illuminate\\Database\\Connection->runQueryCallback('insert into `ro...', Array, Object(Closure))
#1 /opt/lampp/htdocs/web-alumni-rpl-master/vendor/laravel/framework/src/Illuminate/Database/Connection.php(459): Illuminate\\Database\\Connection->run('insert into `ro...', Array, Object(Closure))
#2 /opt/lampp/htdocs/web-alumni-rpl-master/vendor/laravel/framework/src/Illuminate/Database/Connection.php(411): Illuminate\\Database\\Connection->statement('insert into `ro...', Array)
#3 /opt/lampp/htdocs/web-alumni-rpl-master/vendor/laravel/framework/src/Illuminate/Database/Query/Processors/Processor.php(32): Illuminate\\Database\\Connection->insert('insert into `ro...', Array)
#4 /opt/lampp/htdocs/web-alumni-rpl-master/vendor/laravel/framework/src/Illuminate/Database/Query/Builder.php(2690): Illuminate\\Database\\Query\\Processors\\Processor->processInsertGetId(Object(Illuminate\\Database\\Query\\Builder), 'insert into `ro...', Array, 'id')
#5 /opt/lampp/htdocs/web-alumni-rpl-master/vendor/laravel/framework/src/Illuminate/Database/Eloquent/Builder.php(1353): Illuminate\\Database\\Query\\Builder->insertGetId(Array, 'id')
#6 /opt/lampp/htdocs/web-alumni-rpl-master/vendor/laravel/framework/src/Illuminate/Database/Eloquent/Model.php(839): Illuminate\\Database\\Eloquent\\Builder->__call('insertGetId', Array)
#7 /opt/lampp/htdocs/web-alumni-rpl-master/vendor/laravel/framework/src/Illuminate/Database/Eloquent/Model.php(804): Illuminate\\Database\\Eloquent\\Model->insertAndSetId(Object(Illuminate\\Database\\Eloquent\\Builder), Array)
#8 /opt/lampp/htdocs/web-alumni-rpl-master/vendor/laravel/framework/src/Illuminate/Database/Eloquent/Model.php(667): Illuminate\\Database\\Eloquent\\Model->performInsert(Object(Illuminate\\Database\\Eloquent\\Builder))
#9 /opt/lampp/htdocs/web-alumni-rpl-master/database/seeds/DatabaseSeeder.php(18): Illuminate\\Database\\Eloquent\\Model->save()
#10 [internal function]: DatabaseSeeder->run()
#11 /opt/lampp/htdocs/web-alumni-rpl-master/vendor/laravel/framework/src/Illuminate/Container/BoundMethod.php(32): call_user_func_array(Array, Array)
#12 /opt/lampp/htdocs/web-alumni-rpl-master/vendor/laravel/framework/src/Illuminate/Container/BoundMethod.php(90): Illuminate\\Container\\BoundMethod::Illuminate\\Container\\{closure}()
#13 /opt/lampp/htdocs/web-alumni-rpl-master/vendor/laravel/framework/src/Illuminate/Container/BoundMethod.php(34): Illuminate\\Container\\BoundMethod::callBoundMethod(Object(Illuminate\\Foundation\\Application), Array, Object(Closure))
#14 /opt/lampp/htdocs/web-alumni-rpl-master/vendor/laravel/framework/src/Illuminate/Container/Container.php(576): Illuminate\\Container\\BoundMethod::call(Object(Illuminate\\Foundation\\Application), Array, Array, NULL)
#15 /opt/lampp/htdocs/web-alumni-rpl-master/vendor/laravel/framework/src/Illuminate/Database/Seeder.php(124): Illuminate\\Container\\Container->call(Array)
#16 /opt/lampp/htdocs/web-alumni-rpl-master/vendor/laravel/framework/src/Illuminate/Database/Console/Seeds/SeedCommand.php(63): Illuminate\\Database\\Seeder->__invoke()
#17 /opt/lampp/htdocs/web-alumni-rpl-master/vendor/laravel/framework/src/Illuminate/Database/Eloquent/Concerns/GuardsAttributes.php(122): Illuminate\\Database\\Console\\Seeds\\SeedCommand->Illuminate\\Database\\Console\\Seeds\\{closure}()
#18 /opt/lampp/htdocs/web-alumni-rpl-master/vendor/laravel/framework/src/Illuminate/Database/Console/Seeds/SeedCommand.php(64): Illuminate\\Database\\Eloquent\\Model::unguarded(Object(Closure))
#19 [internal function]: Illuminate\\Database\\Console\\Seeds\\SeedCommand->handle()
#20 /opt/lampp/htdocs/web-alumni-rpl-master/vendor/laravel/framework/src/Illuminate/Container/BoundMethod.php(32): call_user_func_array(Array, Array)
#21 /opt/lampp/htdocs/web-alumni-rpl-master/vendor/laravel/framework/src/Illuminate/Container/BoundMethod.php(90): Illuminate\\Container\\BoundMethod::Illuminate\\Container\\{closure}()
#22 /opt/lampp/htdocs/web-alumni-rpl-master/vendor/laravel/framework/src/Illuminate/Container/BoundMethod.php(34): Illuminate\\Container\\BoundMethod::callBoundMethod(Object(Illuminate\\Foundation\\Application), Array, Object(Closure))
#23 /opt/lampp/htdocs/web-alumni-rpl-master/vendor/laravel/framework/src/Illuminate/Container/Container.php(576): Illuminate\\Container\\BoundMethod::call(Object(Illuminate\\Foundation\\Application), Array, Array, NULL)
#24 /opt/lampp/htdocs/web-alumni-rpl-master/vendor/laravel/framework/src/Illuminate/Console/Command.php(183): Illuminate\\Container\\Container->call(Array)
#25 /opt/lampp/htdocs/web-alumni-rpl-master/vendor/symfony/console/Command/Command.php(255): Illuminate\\Console\\Command->execute(Object(Symfony\\Component\\Console\\Input\\ArrayInput), Object(Illuminate\\Console\\OutputStyle))
#26 /opt/lampp/htdocs/web-alumni-rpl-master/vendor/laravel/framework/src/Illuminate/Console/Command.php(170): Symfony\\Component\\Console\\Command\\Command->run(Object(Symfony\\Component\\Console\\Input\\ArrayInput), Object(Illuminate\\Console\\OutputStyle))
#27 /opt/lampp/htdocs/web-alumni-rpl-master/vendor/laravel/framework/src/Illuminate/Console/Command.php(198): Illuminate\\Console\\Command->run(Object(Symfony\\Component\\Console\\Input\\ArrayInput), Object(Illuminate\\Console\\OutputStyle))
#28 /opt/lampp/htdocs/web-alumni-rpl-master/vendor/laravel/framework/src/Illuminate/Database/Console/Migrations/MigrateCommand.php(78): Illuminate\\Console\\Command->call('db:seed', Array)
#29 [internal function]: Illuminate\\Database\\Console\\Migrations\\MigrateCommand->handle()
#30 /opt/lampp/htdocs/web-alumni-rpl-master/vendor/laravel/framework/src/Illuminate/Container/BoundMethod.php(32): call_user_func_array(Array, Array)
#31 /opt/lampp/htdocs/web-alumni-rpl-master/vendor/laravel/framework/src/Illuminate/Container/BoundMethod.php(90): Illuminate\\Container\\BoundMethod::Illuminate\\Container\\{closure}()
#32 /opt/lampp/htdocs/web-alumni-rpl-master/vendor/laravel/framework/src/Illuminate/Container/BoundMethod.php(34): Illuminate\\Container\\BoundMethod::callBoundMethod(Object(Illuminate\\Foundation\\Application), Array, Object(Closure))
#33 /opt/lampp/htdocs/web-alumni-rpl-master/vendor/laravel/framework/src/Illuminate/Container/Container.php(576): Illuminate\\Container\\BoundMethod::call(Object(Illuminate\\Foundation\\Application), Array, Array, NULL)
#34 /opt/lampp/htdocs/web-alumni-rpl-master/vendor/laravel/framework/src/Illuminate/Console/Command.php(183): Illuminate\\Container\\Container->call(Array)
#35 /opt/lampp/htdocs/web-alumni-rpl-master/vendor/symfony/console/Command/Command.php(255): Illuminate\\Console\\Command->execute(Object(Symfony\\Component\\Console\\Input\\ArgvInput), Object(Illuminate\\Console\\OutputStyle))
#36 /opt/lampp/htdocs/web-alumni-rpl-master/vendor/laravel/framework/src/Illuminate/Console/Command.php(170): Symfony\\Component\\Console\\Command\\Command->run(Object(Symfony\\Component\\Console\\Input\\ArgvInput), Object(Illuminate\\Console\\OutputStyle))
#37 /opt/lampp/htdocs/web-alumni-rpl-master/vendor/symfony/console/Application.php(1009): Illuminate\\Console\\Command->run(Object(Symfony\\Component\\Console\\Input\\ArgvInput), Object(Symfony\\Component\\Console\\Output\\ConsoleOutput))
#38 /opt/lampp/htdocs/web-alumni-rpl-master/vendor/symfony/console/Application.php(273): Symfony\\Component\\Console\\Application->doRunCommand(Object(Illuminate\\Database\\Console\\Migrations\\MigrateCommand), Object(Symfony\\Component\\Console\\Input\\ArgvInput), Object(Symfony\\Component\\Console\\Output\\ConsoleOutput))
#39 /opt/lampp/htdocs/web-alumni-rpl-master/vendor/symfony/console/Application.php(149): Symfony\\Component\\Console\\Application->doRun(Object(Symfony\\Component\\Console\\Input\\ArgvInput), Object(Symfony\\Component\\Console\\Output\\ConsoleOutput))
#40 /opt/lampp/htdocs/web-alumni-rpl-master/vendor/laravel/framework/src/Illuminate/Console/Application.php(90): Symfony\\Component\\Console\\Application->run(Object(Symfony\\Component\\Console\\Input\\ArgvInput), Object(Symfony\\Component\\Console\\Output\\ConsoleOutput))
#41 /opt/lampp/htdocs/web-alumni-rpl-master/vendor/laravel/framework/src/Illuminate/Foundation/Console/Kernel.php(133): Illuminate\\Console\\Application->run(Object(Symfony\\Component\\Console\\Input\\ArgvInput), Object(Symfony\\Component\\Console\\Output\\ConsoleOutput))
#42 /opt/lampp/htdocs/web-alumni-rpl-master/artisan(37): Illuminate\\Foundation\\Console\\Kernel->handle(Object(Symfony\\Component\\Console\\Input\\ArgvInput), Object(Symfony\\Component\\Console\\Output\\ConsoleOutput))
#43 {main}
"} 
